[26-08-2025 05:52:17] [jason] error: File: C:\xampp\htdocs\carstoolscr\controllers\core\MySqlConnect.php - line: 50 - Message: You have an error in your SQL syntax; check the manual that corresponds to your MySQL server version for the right syntax to use near '[object%20Object]
                  AND p.precio < orig.precio
               ' at line 13
 [26-08-2025 05:52:20] [jason] error: File: C:\xampp\htdocs\carstoolscr\controllers\core\MySqlConnect.php - line: 50 - Message: You have an error in your SQL syntax; check the manual that corresponds to your MySQL server version for the right syntax to use near '[object%20Object]
                  AND p.precio < orig.precio
               ' at line 13
 [26-08-2025 05:52:21] [jason] error: File: C:\xampp\htdocs\carstoolscr\controllers\core\MySqlConnect.php - line: 50 - Message: You have an error in your SQL syntax; check the manual that corresponds to your MySQL server version for the right syntax to use near '[object%20Object]
                  AND p.precio < orig.precio
               ' at line 13
 [26-08-2025 05:52:21] [jason] error: File: C:\xampp\htdocs\carstoolscr\controllers\core\MySqlConnect.php - line: 50 - Message: You have an error in your SQL syntax; check the manual that corresponds to your MySQL server version for the right syntax to use near '[object%20Object]
                  AND p.precio < orig.precio
               ' at line 13
 [26-08-2025 05:52:22] [jason] error: File: C:\xampp\htdocs\carstoolscr\controllers\core\MySqlConnect.php - line: 50 - Message: You have an error in your SQL syntax; check the manual that corresponds to your MySQL server version for the right syntax to use near '[object%20Object]
                  AND p.precio < orig.precio
               ' at line 13
 [26-08-2025 05:52:23] [jason] error: File: C:\xampp\htdocs\carstoolscr\controllers\core\MySqlConnect.php - line: 50 - Message: You have an error in your SQL syntax; check the manual that corresponds to your MySQL server version for the right syntax to use near '[object%20Object]
                  AND p.precio < orig.precio
               ' at line 13
 [26-08-2025 05:52:23] [jason] error: File: C:\xampp\htdocs\carstoolscr\controllers\core\MySqlConnect.php - line: 50 - Message: You have an error in your SQL syntax; check the manual that corresponds to your MySQL server version for the right syntax to use near '[object%20Object]
                  AND p.precio < orig.precio
               ' at line 13
 [26-08-2025 05:52:27] [jason] error: File: C:\xampp\htdocs\carstoolscr\controllers\core\MySqlConnect.php - line: 50 - Message: You have an error in your SQL syntax; check the manual that corresponds to your MySQL server version for the right syntax to use near '[object%20Object]
                  AND p.precio < orig.precio
               ' at line 13
 [26-08-2025 05:52:31] [jason] error: File: C:\xampp\htdocs\carstoolscr\controllers\core\MySqlConnect.php - line: 50 - Message: You have an error in your SQL syntax; check the manual that corresponds to your MySQL server version for the right syntax to use near '[object%20Object]
                  AND p.precio < orig.precio
               ' at line 13
 [26-08-2025 05:54:08] [jason] error: File: C:\xampp\htdocs\carstoolscr\controllers\core\MySqlConnect.php - line: 50 - Message: You have an error in your SQL syntax; check the manual that corresponds to your MySQL server version for the right syntax to use near '[object%20Object]
                  AND p.precio < orig.precio
               ' at line 13
 [26-08-2025 05:54:15] [jason] error: File: C:\xampp\htdocs\carstoolscr\controllers\core\MySqlConnect.php - line: 50 - Message: You have an error in your SQL syntax; check the manual that corresponds to your MySQL server version for the right syntax to use near '[object%20Object]
                  AND p.precio < orig.precio
               ' at line 13
 [26-08-2025 05:54:17] [jason] error: File: C:\xampp\htdocs\carstoolscr\controllers\core\MySqlConnect.php - line: 50 - Message: You have an error in your SQL syntax; check the manual that corresponds to your MySQL server version for the right syntax to use near '[object%20Object]
                  AND p.precio < orig.precio
               ' at line 13
 [26-08-2025 05:54:20] [jason] error: File: C:\xampp\htdocs\carstoolscr\controllers\core\MySqlConnect.php - line: 50 - Message: You have an error in your SQL syntax; check the manual that corresponds to your MySQL server version for the right syntax to use near '[object%20Object]
                  AND p.precio < orig.precio
               ' at line 13
 [26-08-2025 05:54:22] [jason] error: File: C:\xampp\htdocs\carstoolscr\controllers\core\MySqlConnect.php - line: 50 - Message: You have an error in your SQL syntax; check the manual that corresponds to your MySQL server version for the right syntax to use near '[object%20Object]
                  AND p.precio < orig.precio
               ' at line 13
 [26-08-2025 05:54:23] [jason] error: File: C:\xampp\htdocs\carstoolscr\controllers\core\MySqlConnect.php - line: 50 - Message: You have an error in your SQL syntax; check the manual that corresponds to your MySQL server version for the right syntax to use near '[object%20Object]
                  AND p.precio < orig.precio
               ' at line 13
 [26-08-2025 05:54:24] [jason] error: File: C:\xampp\htdocs\carstoolscr\controllers\core\MySqlConnect.php - line: 50 - Message: You have an error in your SQL syntax; check the manual that corresponds to your MySQL server version for the right syntax to use near '[object%20Object]
                  AND p.precio < orig.precio
               ' at line 13
 [26-08-2025 05:54:26] [jason] error: File: C:\xampp\htdocs\carstoolscr\controllers\core\MySqlConnect.php - line: 50 - Message: You have an error in your SQL syntax; check the manual that corresponds to your MySQL server version for the right syntax to use near '[object%20Object]
                  AND p.precio < orig.precio
               ' at line 13
 [26-08-2025 05:54:28] [jason] error: File: C:\xampp\htdocs\carstoolscr\controllers\core\MySqlConnect.php - line: 50 - Message: You have an error in your SQL syntax; check the manual that corresponds to your MySQL server version for the right syntax to use near '[object%20Object]
                  AND p.precio < orig.precio
               ' at line 13
 [26-08-2025 05:54:29] [jason] error: File: C:\xampp\htdocs\carstoolscr\controllers\core\MySqlConnect.php - line: 50 - Message: You have an error in your SQL syntax; check the manual that corresponds to your MySQL server version for the right syntax to use near '[object%20Object]
                  AND p.precio < orig.precio
               ' at line 13
 [26-08-2025 05:54:32] [jason] error: File: C:\xampp\htdocs\carstoolscr\controllers\core\MySqlConnect.php - line: 50 - Message: You have an error in your SQL syntax; check the manual that corresponds to your MySQL server version for the right syntax to use near '[object%20Object]
                  AND p.precio < orig.precio
               ' at line 13
 [26-08-2025 05:54:33] [jason] error: File: C:\xampp\htdocs\carstoolscr\controllers\core\MySqlConnect.php - line: 50 - Message: You have an error in your SQL syntax; check the manual that corresponds to your MySQL server version for the right syntax to use near '[object%20Object]
                  AND p.precio < orig.precio
               ' at line 13
 [26-08-2025 05:54:34] [jason] error: File: C:\xampp\htdocs\carstoolscr\controllers\core\MySqlConnect.php - line: 50 - Message: You have an error in your SQL syntax; check the manual that corresponds to your MySQL server version for the right syntax to use near '[object%20Object]
                  AND p.precio < orig.precio
               ' at line 13
 [26-08-2025 05:54:34] [jason] error: File: C:\xampp\htdocs\carstoolscr\controllers\core\MySqlConnect.php - line: 50 - Message: You have an error in your SQL syntax; check the manual that corresponds to your MySQL server version for the right syntax to use near '[object%20Object]
                  AND p.precio < orig.precio
               ' at line 13
 [26-08-2025 06:13:36] [jason] error: File: C:\xampp\htdocs\carstoolscr\controllers\core\MySqlConnect.php - line: 50 - Message: Unknown column 'Usuario.nombre_usuario' in 'field list'
 [26-08-2025 06:13:41] [jason] error: File: C:\xampp\htdocs\carstoolscr\controllers\PedidoController.php - line: 76 - Message: Undefined property: stdClass::$usuario_id
 [26-08-2025 06:13:41] [jason] error: File: C:\xampp\htdocs\carstoolscr\controllers\PedidoController.php - line: 76 - Message: Undefined property: stdClass::$usuario_id
 [26-08-2025 06:21:56] [jason] error: File: C:\xampp\htdocs\carstoolscr\controllers\PedidoController.php - line: 76 - Message: Undefined property: stdClass::$usuario_id
 [26-08-2025 06:21:56] [jason] error: File: C:\xampp\htdocs\carstoolscr\controllers\PedidoController.php - line: 76 - Message: Undefined property: stdClass::$usuario_id
 [26-08-2025 06:22:06] [jason] error: File: C:\xampp\htdocs\carstoolscr\controllers\PedidoController.php - line: 76 - Message: Undefined property: stdClass::$usuario_id
 [26-08-2025 06:22:06] [jason] error: File: C:\xampp\htdocs\carstoolscr\controllers\PedidoController.php - line: 76 - Message: Undefined property: stdClass::$usuario_id
 [26-08-2025 06:26:57] [jason] error: File: C:\xampp\htdocs\carstoolscr\controllers\PedidoController.php - line: 76 - Message: Undefined property: stdClass::$usuario_id
 [26-08-2025 06:26:57] [jason] error: File: C:\xampp\htdocs\carstoolscr\controllers\PedidoController.php - line: 76 - Message: Undefined property: stdClass::$usuario_id
 [26-08-2025 06:27:03] [jason] error: File: C:\xampp\htdocs\carstoolscr\controllers\PedidoController.php - line: 76 - Message: Undefined property: stdClass::$usuario_id
 [26-08-2025 06:27:03] [jason] error: File: C:\xampp\htdocs\carstoolscr\controllers\PedidoController.php - line: 76 - Message: Undefined property: stdClass::$usuario_id
 [26-08-2025 06:27:35] [jason] error: File: C:\xampp\htdocs\carstoolscr\controllers\PedidoController.php - line: 76 - Message: Undefined property: stdClass::$usuario_id
 [26-08-2025 06:27:35] [jason] error: File: C:\xampp\htdocs\carstoolscr\controllers\PedidoController.php - line: 76 - Message: Undefined property: stdClass::$usuario_id
 [26-08-2025 06:34:23] [jason] error: File: C:\xampp\htdocs\carstoolscr\controllers\PedidoController.php - line: 76 - Message: Undefined property: stdClass::$usuario_id
 [26-08-2025 06:34:23] [jason] error: File: C:\xampp\htdocs\carstoolscr\controllers\PedidoController.php - line: 76 - Message: Undefined property: stdClass::$usuario_id
 