
[29-08-2025 02:10:37] [jason] error: File: C:\xampp\htdocs\carstoolscr\controllers\PedidoController.php - line: 76 - Message: Undefined property: stdClass::$usuario_id
 [29-08-2025 02:17:14] [jason] error: File: C:\xampp\htdocs\carstoolscr\controllers\PedidoController.php - line: 76 - Message: Undefined property: stdClass::$usuario_id
 [29-08-2025 02:17:14] [jason] error: File: C:\xampp\htdocs\carstoolscr\controllers\PedidoController.php - line: 76 - Message: Undefined property: stdClass::$usuario_id
 [29-08-2025 02:17:17] [jason] error: File: C:\xampp\htdocs\carstoolscr\controllers\PedidoController.php - line: 76 - Message: Undefined property: stdClass::$usuario_id
 [29-08-2025 02:17:17] [jason] error: File: C:\xampp\htdocs\carstoolscr\controllers\PedidoController.php - line: 76 - Message: Undefined property: stdClass::$usuario_id
 [29-08-2025 02:20:08] [jason] error: File: C:\xampp\htdocs\carstoolscr\controllers\PedidoController.php - line: 76 - Message: Undefined property: stdClass::$usuario_id
 [29-08-2025 02:20:13] [jason] error: File: C:\xampp\htdocs\carstoolscr\controllers\PedidoController.php - line: 76 - Message: Undefined property: stdClass::$usuario_id
 [29-08-2025 02:20:13] [jason] error: File: C:\xampp\htdocs\carstoolscr\controllers\PedidoController.php - line: 76 - Message: Undefined property: stdClass::$usuario_id
 [29-08-2025 02:25:06] [jason] error: File: C:\xampp\htdocs\carstoolscr\controllers\PedidoController.php - line: 76 - Message: Undefined property: stdClass::$usuario_id
 [29-08-2025 02:25:06] [jason] error: File: C:\xampp\htdocs\carstoolscr\controllers\PedidoController.php - line: 76 - Message: Undefined property: stdClass::$usuario_id
 [29-08-2025 02:30:13] [jason] error: File: C:\xampp\htdocs\carstoolscr\controllers\PedidoController.php - line: 76 - Message: Undefined property: stdClass::$usuario_id
 [29-08-2025 02:30:13] [jason] error: File: C:\xampp\htdocs\carstoolscr\controllers\PedidoController.php - line: 76 - Message: Undefined property: stdClass::$usuario_id
 [29-08-2025 02:30:30] [jason] error: File: C:\xampp\htdocs\carstoolscr\controllers\PedidoController.php - line: 76 - Message: Undefined property: stdClass::$usuario_id
 [29-08-2025 02:30:30] [jason] error: File: C:\xampp\htdocs\carstoolscr\controllers\PedidoController.php - line: 76 - Message: Undefined property: stdClass::$usuario_id
 [29-08-2025 02:30:48] [jason] error: File: C:\xampp\htdocs\carstoolscr\controllers\PedidoController.php - line: 76 - Message: Undefined property: stdClass::$usuario_id
 [29-08-2025 02:30:58] [jason] error: File: C:\xampp\htdocs\carstoolscr\controllers\PedidoController.php - line: 76 - Message: Undefined property: stdClass::$usuario_id
 [29-08-2025 02:31:46] [jason] error: File: C:\xampp\htdocs\carstoolscr\controllers\PedidoController.php - line: 76 - Message: Undefined property: stdClass::$usuario_id
 [29-08-2025 02:31:46] [jason] error: File: C:\xampp\htdocs\carstoolscr\controllers\PedidoController.php - line: 76 - Message: Undefined property: stdClass::$usuario_id
 [29-08-2025 02:36:11] [jason] error: File: C:\xampp\htdocs\carstoolscr\controllers\PedidoController.php - line: 76 - Message: Undefined property: stdClass::$usuario_id
 [29-08-2025 02:36:17] [jason] error: File: C:\xampp\htdocs\carstoolscr\controllers\PedidoController.php - line: 76 - Message: Undefined property: stdClass::$usuario_id
 [29-08-2025 02:36:17] [jason] error: File: C:\xampp\htdocs\carstoolscr\controllers\PedidoController.php - line: 76 - Message: Undefined property: stdClass::$usuario_id
 [29-08-2025 02:36:37] [jason] error: File: C:\xampp\htdocs\carstoolscr\controllers\PedidoController.php - line: 76 - Message: Undefined property: stdClass::$usuario_id
 [29-08-2025 02:36:54] [jason] error: File: C:\xampp\htdocs\carstoolscr\controllers\PedidoController.php - line: 76 - Message: Undefined property: stdClass::$usuario_id
 [29-08-2025 02:43:28] [jason] error: File: C:\xampp\htdocs\carstoolscr\controllers\PedidoController.php - line: 76 - Message: Undefined property: stdClass::$usuario_id
 [29-08-2025 03:12:42] [jason] error: File: C:\xampp\htdocs\carstoolscr\models\ProductosModel.php - line: 145 - Message: Attempt to read property "nombre" on null
 [29-08-2025 03:14:08] [jason] error: File: C:\xampp\htdocs\carstoolscr\models\ProductosModel.php - line: 145 - Message: Attempt to read property "nombre" on null
 [29-08-2025 03:17:53] [jason] error: File: C:\xampp\htdocs\carstoolscr\models\ProductosModel.php - line: 145 - Message: Attempt to read property "nombre" on null
 [29-08-2025 03:19:00] [jason] error: File: C:\xampp\htdocs\carstoolscr\models\ProductosModel.php - line: 145 - Message: Attempt to read property "nombre" on null
 [29-08-2025 03:22:12] [jason] error: File: C:\xampp\htdocs\carstoolscr\models\ProductosModel.php - line: 145 - Message: Attempt to read property "nombre" on null
 [29-08-2025 03:23:41] [jason] error: File: C:\xampp\htdocs\carstoolscr\models\ProductosModel.php - line: 145 - Message: Attempt to read property "nombre" on null
 [29-08-2025 03:27:36] [jason] error: File: C:\xampp\htdocs\carstoolscr\models\ProductosModel.php - line: 145 - Message: Attempt to read property "nombre" on null
 [29-08-2025 03:48:33] [jason] error: File: C:\xampp\htdocs\carstoolscr\controllers\PedidoController.php - line: 76 - Message: Undefined property: stdClass::$usuario_id
 [29-08-2025 03:48:33] [jason] error: File: C:\xampp\htdocs\carstoolscr\controllers\PedidoController.php - line: 76 - Message: Undefined property: stdClass::$usuario_id
 [29-08-2025 03:50:18] [jason] error: File: C:\xampp\htdocs\carstoolscr\controllers\PedidoController.php - line: 76 - Message: Undefined property: stdClass::$usuario_id
 [29-08-2025 03:50:18] [jason] error: File: C:\xampp\htdocs\carstoolscr\controllers\PedidoController.php - line: 76 - Message: Undefined property: stdClass::$usuario_id
 [29-08-2025 03:51:28] [jason] error: File: C:\xampp\htdocs\carstoolscr\controllers\PedidoController.php - line: 76 - Message: Undefined property: stdClass::$usuario_id
 [29-08-2025 03:51:28] [jason] error: File: C:\xampp\htdocs\carstoolscr\controllers\PedidoController.php - line: 76 - Message: Undefined property: stdClass::$usuario_id
 [29-08-2025 03:53:50] [jason] error: File: C:\xampp\htdocs\carstoolscr\controllers\PedidoController.php - line: 76 - Message: Undefined property: stdClass::$usuario_id
 [29-08-2025 03:53:50] [jason] error: File: C:\xampp\htdocs\carstoolscr\controllers\PedidoController.php - line: 76 - Message: Undefined property: stdClass::$usuario_id
 [29-08-2025 03:54:13] [jason] error: File: C:\xampp\htdocs\carstoolscr\controllers\PedidoController.php - line: 76 - Message: Undefined property: stdClass::$usuario_id
 [29-08-2025 03:54:13] [jason] error: File: C:\xampp\htdocs\carstoolscr\controllers\PedidoController.php - line: 76 - Message: Undefined property: stdClass::$usuario_id
 [29-08-2025 03:55:27] [jason] error: File: C:\xampp\htdocs\carstoolscr\controllers\PedidoController.php - line: 76 - Message: Undefined property: stdClass::$usuario_id
 [29-08-2025 03:56:21] [jason] error: File: C:\xampp\htdocs\carstoolscr\controllers\PedidoController.php - line: 76 - Message: Undefined property: stdClass::$usuario_id
 [29-08-2025 03:57:03] [jason] error: File: C:\xampp\htdocs\carstoolscr\controllers\PedidoController.php - line: 76 - Message: Undefined property: stdClass::$usuario_id
 [29-08-2025 03:57:03] [jason] error: File: C:\xampp\htdocs\carstoolscr\controllers\PedidoController.php - line: 76 - Message: Undefined property: stdClass::$usuario_id
 [29-08-2025 03:57:09] [jason] error: File: C:\xampp\htdocs\carstoolscr\controllers\PedidoController.php - line: 76 - Message: Undefined property: stdClass::$usuario_id
 [29-08-2025 03:57:17] [jason] error: File: C:\xampp\htdocs\carstoolscr\controllers\PedidoController.php - line: 76 - Message: Undefined property: stdClass::$usuario_id
 [29-08-2025 03:57:17] [jason] error: File: C:\xampp\htdocs\carstoolscr\controllers\PedidoController.php - line: 76 - Message: Undefined property: stdClass::$usuario_id
 [29-08-2025 03:57:30] [jason] error: File: C:\xampp\htdocs\carstoolscr\controllers\PedidoController.php - line: 76 - Message: Undefined property: stdClass::$usuario_id
 [29-08-2025 03:57:30] [jason] error: File: C:\xampp\htdocs\carstoolscr\controllers\PedidoController.php - line: 76 - Message: Undefined property: stdClass::$usuario_id
 [29-08-2025 03:59:55] [jason] error: File: C:\xampp\htdocs\carstoolscr\controllers\PedidoController.php - line: 76 - Message: Undefined property: stdClass::$usuario_id
 [29-08-2025 03:59:55] [jason] error: File: C:\xampp\htdocs\carstoolscr\controllers\PedidoController.php - line: 76 - Message: Undefined property: stdClass::$usuario_id
 [29-08-2025 04:03:29] [jason] error: File: C:\xampp\htdocs\carstoolscr\controllers\PedidoController.php - line: 76 - Message: Undefined property: stdClass::$usuario_id
 [29-08-2025 04:03:29] [jason] error: File: C:\xampp\htdocs\carstoolscr\controllers\PedidoController.php - line: 76 - Message: Undefined property: stdClass::$usuario_id
 [29-08-2025 04:04:27] [jason] error: File: C:\xampp\htdocs\carstoolscr\controllers\PedidoController.php - line: 76 - Message: Undefined property: stdClass::$usuario_id
 [29-08-2025 04:04:53] [jason] error: File: C:\xampp\htdocs\carstoolscr\controllers\PedidoController.php - line: 76 - Message: Undefined property: stdClass::$usuario_id
 [29-08-2025 04:04:53] [jason] error: File: C:\xampp\htdocs\carstoolscr\controllers\PedidoController.php - line: 76 - Message: Undefined property: stdClass::$usuario_id
 [29-08-2025 04:05:44] [jason] error: File: C:\xampp\htdocs\carstoolscr\controllers\PedidoController.php - line: 76 - Message: Undefined property: stdClass::$usuario_id
 [29-08-2025 04:05:44] [jason] error: File: C:\xampp\htdocs\carstoolscr\controllers\PedidoController.php - line: 76 - Message: Undefined property: stdClass::$usuario_id
 [29-08-2025 04:08:41] [jason] error: File: C:\xampp\htdocs\carstoolscr\controllers\PedidoController.php - line: 76 - Message: Undefined property: stdClass::$usuario_id
 [29-08-2025 04:08:41] [jason] error: File: C:\xampp\htdocs\carstoolscr\controllers\PedidoController.php - line: 76 - Message: Undefined property: stdClass::$usuario_id
 [29-08-2025 04:09:03] [jason] error: File: C:\xampp\htdocs\carstoolscr\controllers\PedidoController.php - line: 76 - Message: Undefined property: stdClass::$usuario_id
 [29-08-2025 04:09:03] [jason] error: File: C:\xampp\htdocs\carstoolscr\controllers\PedidoController.php - line: 76 - Message: Undefined property: stdClass::$usuario_id
 [29-08-2025 04:09:22] [jason] error: File: C:\xampp\htdocs\carstoolscr\controllers\PedidoController.php - line: 76 - Message: Undefined property: stdClass::$usuario_id
 [29-08-2025 04:09:22] [jason] error: File: C:\xampp\htdocs\carstoolscr\controllers\PedidoController.php - line: 76 - Message: Undefined property: stdClass::$usuario_id
 [29-08-2025 04:10:22] [jason] error: File: C:\xampp\htdocs\carstoolscr\controllers\PedidoController.php - line: 76 - Message: Undefined property: stdClass::$usuario_id
 [29-08-2025 04:10:58] [jason] error: File: C:\xampp\htdocs\carstoolscr\controllers\PedidoController.php - line: 76 - Message: Undefined property: stdClass::$usuario_id
 [29-08-2025 04:10:58] [jason] error: File: C:\xampp\htdocs\carstoolscr\controllers\PedidoController.php - line: 76 - Message: Undefined property: stdClass::$usuario_id
 [29-08-2025 04:11:03] [jason] error: File: C:\xampp\htdocs\carstoolscr\controllers\PedidoController.php - line: 76 - Message: Undefined property: stdClass::$usuario_id
 [29-08-2025 04:11:03] [jason] error: File: C:\xampp\htdocs\carstoolscr\controllers\PedidoController.php - line: 76 - Message: Undefined property: stdClass::$usuario_id
 [29-08-2025 04:11:06] [jason] error: File: C:\xampp\htdocs\carstoolscr\controllers\PedidoController.php - line: 76 - Message: Undefined property: stdClass::$usuario_id
 [29-08-2025 04:11:06] [jason] error: File: C:\xampp\htdocs\carstoolscr\controllers\PedidoController.php - line: 76 - Message: Undefined property: stdClass::$usuario_id
 [29-08-2025 04:11:54] [jason] error: File: C:\xampp\htdocs\carstoolscr\controllers\PedidoController.php - line: 76 - Message: Undefined property: stdClass::$usuario_id
 [29-08-2025 04:11:54] [jason] error: File: C:\xampp\htdocs\carstoolscr\controllers\PedidoController.php - line: 76 - Message: Undefined property: stdClass::$usuario_id
 [29-08-2025 04:12:31] [jason] error: File: C:\xampp\htdocs\carstoolscr\controllers\PedidoController.php - line: 76 - Message: Undefined property: stdClass::$usuario_id
 [29-08-2025 04:12:34] [jason] error: File: C:\xampp\htdocs\carstoolscr\controllers\PedidoController.php - line: 76 - Message: Undefined property: stdClass::$usuario_id
 [29-08-2025 04:13:48] [jason] error: File: C:\xampp\htdocs\carstoolscr\controllers\PedidoController.php - line: 76 - Message: Undefined property: stdClass::$usuario_id
 [29-08-2025 04:13:48] [jason] error: File: C:\xampp\htdocs\carstoolscr\controllers\PedidoController.php - line: 76 - Message: Undefined property: stdClass::$usuario_id
 [29-08-2025 04:41:23] [jason] error: File: C:\xampp\htdocs\carstoolscr\controllers\PedidoController.php - line: 76 - Message: Undefined property: stdClass::$usuario_id
 [29-08-2025 04:41:23] [jason] error: File: C:\xampp\htdocs\carstoolscr\controllers\PedidoController.php - line: 76 - Message: Undefined property: stdClass::$usuario_id
 [29-08-2025 04:52:16] [jason] error: File: C:\xampp\htdocs\carstoolscr\controllers\PedidoController.php - line: 76 - Message: Undefined property: stdClass::$usuario_id
 [29-08-2025 04:54:55] [jason] error: File: C:\xampp\htdocs\carstoolscr\controllers\PedidoController.php - line: 76 - Message: Undefined property: stdClass::$usuario_id
 [29-08-2025 04:54:55] [jason] error: File: C:\xampp\htdocs\carstoolscr\controllers\PedidoController.php - line: 76 - Message: Undefined property: stdClass::$usuario_id
 [29-08-2025 04:54:59] [jason] error: File: C:\xampp\htdocs\carstoolscr\controllers\PedidoController.php - line: 76 - Message: Undefined property: stdClass::$usuario_id
 [29-08-2025 04:54:59] [jason] error: File: C:\xampp\htdocs\carstoolscr\controllers\PedidoController.php - line: 76 - Message: Undefined property: stdClass::$usuario_id
 [29-08-2025 04:57:45] [jason] error: File: C:\xampp\htdocs\carstoolscr\controllers\PedidoController.php - line: 76 - Message: Undefined property: stdClass::$usuario_id
 [29-08-2025 04:57:45] [jason] error: File: C:\xampp\htdocs\carstoolscr\controllers\PedidoController.php - line: 76 - Message: Undefined property: stdClass::$usuario_id
 [29-08-2025 04:57:53] [jason] error: File: C:\xampp\htdocs\carstoolscr\controllers\PedidoController.php - line: 76 - Message: Undefined property: stdClass::$usuario_id
 [29-08-2025 04:58:05] [jason] error: File: C:\xampp\htdocs\carstoolscr\controllers\PedidoController.php - line: 76 - Message: Undefined property: stdClass::$usuario_id
 [29-08-2025 04:58:05] [jason] error: File: C:\xampp\htdocs\carstoolscr\controllers\PedidoController.php - line: 76 - Message: Undefined property: stdClass::$usuario_id
 [29-08-2025 04:58:11] [jason] error: File: C:\xampp\htdocs\carstoolscr\controllers\PedidoController.php - line: 76 - Message: Undefined property: stdClass::$usuario_id
 [29-08-2025 04:58:15] [jason] error: File: C:\xampp\htdocs\carstoolscr\controllers\PedidoController.php - line: 76 - Message: Undefined property: stdClass::$usuario_id
 [29-08-2025 04:58:15] [jason] error: File: C:\xampp\htdocs\carstoolscr\controllers\PedidoController.php - line: 76 - Message: Undefined property: stdClass::$usuario_id
 [29-08-2025 04:59:51] [jason] error: File: C:\xampp\htdocs\carstoolscr\controllers\PedidoController.php - line: 76 - Message: Undefined property: stdClass::$usuario_id
 [29-08-2025 04:59:51] [jason] error: File: C:\xampp\htdocs\carstoolscr\controllers\PedidoController.php - line: 76 - Message: Undefined property: stdClass::$usuario_id
 [29-08-2025 04:59:58] [jason] error: File: C:\xampp\htdocs\carstoolscr\controllers\PedidoController.php - line: 76 - Message: Undefined property: stdClass::$usuario_id
 [29-08-2025 04:59:58] [jason] error: File: C:\xampp\htdocs\carstoolscr\controllers\PedidoController.php - line: 76 - Message: Undefined property: stdClass::$usuario_id
 [29-08-2025 05:00:50] [jason] error: File: C:\xampp\htdocs\carstoolscr\controllers\PedidoController.php - line: 76 - Message: Undefined property: stdClass::$usuario_id
 [29-08-2025 05:00:50] [jason] error: File: C:\xampp\htdocs\carstoolscr\controllers\PedidoController.php - line: 76 - Message: Undefined property: stdClass::$usuario_id
 [29-08-2025 05:20:42] [jason] error: File: C:\xampp\htdocs\carstoolscr\controllers\PedidoController.php - line: 76 - Message: Undefined property: stdClass::$usuario_id
 [29-08-2025 05:20:46] [jason] error: File: C:\xampp\htdocs\carstoolscr\controllers\PedidoController.php - line: 76 - Message: Undefined property: stdClass::$usuario_id
 [29-08-2025 05:20:53] [jason] error: File: C:\xampp\htdocs\carstoolscr\controllers\PedidoController.php - line: 76 - Message: Undefined property: stdClass::$usuario_id
 [29-08-2025 05:20:53] [jason] error: File: C:\xampp\htdocs\carstoolscr\controllers\PedidoController.php - line: 76 - Message: Undefined property: stdClass::$usuario_id
 [29-08-2025 05:21:02] [jason] error: File: C:\xampp\htdocs\carstoolscr\controllers\PedidoController.php - line: 76 - Message: Undefined property: stdClass::$usuario_id
 [29-08-2025 05:21:02] [jason] error: File: C:\xampp\htdocs\carstoolscr\controllers\PedidoController.php - line: 76 - Message: Undefined property: stdClass::$usuario_id
 [29-08-2025 05:21:13] [jason] error: File: C:\xampp\htdocs\carstoolscr\controllers\PedidoController.php - line: 76 - Message: Undefined property: stdClass::$usuario_id
 [29-08-2025 05:21:13] [jason] error: File: C:\xampp\htdocs\carstoolscr\controllers\PedidoController.php - line: 76 - Message: Undefined property: stdClass::$usuario_id
 [29-08-2025 05:22:13] [jason] error: File: C:\xampp\htdocs\carstoolscr\controllers\PedidoController.php - line: 76 - Message: Undefined property: stdClass::$usuario_id
 [29-08-2025 05:22:33] [jason] error: File: C:\xampp\htdocs\carstoolscr\controllers\PedidoController.php - line: 76 - Message: Undefined property: stdClass::$usuario_id
 [29-08-2025 05:22:33] [jason] error: File: C:\xampp\htdocs\carstoolscr\controllers\PedidoController.php - line: 76 - Message: Undefined property: stdClass::$usuario_id
 [29-08-2025 05:22:37] [jason] error: File: C:\xampp\htdocs\carstoolscr\controllers\PedidoController.php - line: 76 - Message: Undefined property: stdClass::$usuario_id
 [29-08-2025 05:23:38] [jason] error: File: C:\xampp\htdocs\carstoolscr\controllers\PedidoController.php - line: 76 - Message: Undefined property: stdClass::$usuario_id
 [29-08-2025 05:23:38] [jason] error: File: C:\xampp\htdocs\carstoolscr\controllers\PedidoController.php - line: 76 - Message: Undefined property: stdClass::$usuario_id
 [29-08-2025 05:23:42] [jason] error: File: C:\xampp\htdocs\carstoolscr\controllers\PedidoController.php - line: 76 - Message: Undefined property: stdClass::$usuario_id
 [29-08-2025 05:23:42] [jason] error: File: C:\xampp\htdocs\carstoolscr\controllers\PedidoController.php - line: 76 - Message: Undefined property: stdClass::$usuario_id
 [29-08-2025 05:23:45] [jason] error: File: C:\xampp\htdocs\carstoolscr\controllers\PedidoController.php - line: 76 - Message: Undefined property: stdClass::$usuario_id
 [29-08-2025 05:23:45] [jason] error: File: C:\xampp\htdocs\carstoolscr\controllers\PedidoController.php - line: 76 - Message: Undefined property: stdClass::$usuario_id
 [29-08-2025 05:30:40] [jason] error: File: C:\xampp\htdocs\carstoolscr\controllers\PedidoController.php - line: 76 - Message: Undefined property: stdClass::$usuario_id
 [29-08-2025 05:30:40] [jason] error: File: C:\xampp\htdocs\carstoolscr\controllers\PedidoController.php - line: 76 - Message: Undefined property: stdClass::$usuario_id
 [29-08-2025 05:30:48] [jason] error: File: C:\xampp\htdocs\carstoolscr\controllers\PedidoController.php - line: 76 - Message: Undefined property: stdClass::$usuario_id
 [29-08-2025 05:30:48] [jason] error: File: C:\xampp\htdocs\carstoolscr\controllers\PedidoController.php - line: 76 - Message: Undefined property: stdClass::$usuario_id
 [29-08-2025 05:51:53] [jason] error: File: C:\xampp\htdocs\carstoolscr\controllers\PedidoController.php - line: 76 - Message: Undefined property: stdClass::$usuario_id
 [29-08-2025 05:51:53] [jason] error: File: C:\xampp\htdocs\carstoolscr\controllers\PedidoController.php - line: 76 - Message: Undefined property: stdClass::$usuario_id
 [29-08-2025 05:53:10] [jason] error: File: C:\xampp\htdocs\carstoolscr\controllers\PedidoController.php - line: 76 - Message: Undefined property: stdClass::$usuario_id
 [29-08-2025 05:53:10] [jason] error: File: C:\xampp\htdocs\carstoolscr\controllers\PedidoController.php - line: 76 - Message: Undefined property: stdClass::$usuario_id
 [29-08-2025 05:53:20] [jason] error: File: C:\xampp\htdocs\carstoolscr\controllers\PedidoController.php - line: 76 - Message: Undefined property: stdClass::$usuario_id
 [29-08-2025 05:53:20] [jason] error: File: C:\xampp\htdocs\carstoolscr\controllers\PedidoController.php - line: 76 - Message: Undefined property: stdClass::$usuario_id
 [29-08-2025 05:53:46] [jason] error: File: C:\xampp\htdocs\carstoolscr\controllers\PedidoController.php - line: 76 - Message: Undefined property: stdClass::$usuario_id
 [29-08-2025 05:56:14] [jason] error: File: C:\xampp\htdocs\carstoolscr\controllers\PedidoController.php - line: 76 - Message: Undefined property: stdClass::$usuario_id
 [29-08-2025 05:56:14] [jason] error: File: C:\xampp\htdocs\carstoolscr\controllers\PedidoController.php - line: 76 - Message: Undefined property: stdClass::$usuario_id
 [29-08-2025 05:57:08] [jason] error: File: C:\xampp\htdocs\carstoolscr\controllers\PedidoController.php - line: 76 - Message: Undefined property: stdClass::$usuario_id
 [29-08-2025 05:57:08] [jason] error: File: C:\xampp\htdocs\carstoolscr\controllers\PedidoController.php - line: 76 - Message: Undefined property: stdClass::$usuario_id
 [29-08-2025 05:57:16] [jason] error: File: C:\xampp\htdocs\carstoolscr\controllers\PedidoController.php - line: 76 - Message: Undefined property: stdClass::$usuario_id
 [29-08-2025 05:57:16] [jason] error: File: C:\xampp\htdocs\carstoolscr\controllers\PedidoController.php - line: 76 - Message: Undefined property: stdClass::$usuario_id
 [29-08-2025 05:57:29] [jason] error: File: C:\xampp\htdocs\carstoolscr\controllers\PedidoController.php - line: 76 - Message: Undefined property: stdClass::$usuario_id
 [29-08-2025 05:57:29] [jason] error: File: C:\xampp\htdocs\carstoolscr\controllers\PedidoController.php - line: 76 - Message: Undefined property: stdClass::$usuario_id
 [29-08-2025 05:57:45] [jason] error: File: C:\xampp\htdocs\carstoolscr\controllers\PedidoController.php - line: 76 - Message: Undefined property: stdClass::$usuario_id
 [29-08-2025 05:58:00] [jason] error: File: C:\xampp\htdocs\carstoolscr\controllers\PedidoController.php - line: 76 - Message: Undefined property: stdClass::$usuario_id
 [29-08-2025 05:58:00] [jason] error: File: C:\xampp\htdocs\carstoolscr\controllers\PedidoController.php - line: 76 - Message: Undefined property: stdClass::$usuario_id
 [29-08-2025 05:58:47] [jason] error: File: C:\xampp\htdocs\carstoolscr\controllers\PedidoController.php - line: 76 - Message: Undefined property: stdClass::$usuario_id
 [29-08-2025 05:58:47] [jason] error: File: C:\xampp\htdocs\carstoolscr\controllers\PedidoController.php - line: 76 - Message: Undefined property: stdClass::$usuario_id
 [29-08-2025 05:59:01] [jason] error: File: C:\xampp\htdocs\carstoolscr\controllers\PedidoController.php - line: 76 - Message: Undefined property: stdClass::$usuario_id
 [29-08-2025 05:59:11] [jason] error: File: C:\xampp\htdocs\carstoolscr\controllers\PedidoController.php - line: 76 - Message: Undefined property: stdClass::$usuario_id
 [29-08-2025 05:59:11] [jason] error: File: C:\xampp\htdocs\carstoolscr\controllers\PedidoController.php - line: 76 - Message: Undefined property: stdClass::$usuario_id
 [29-08-2025 05:59:59] [jason] error: File: C:\xampp\htdocs\carstoolscr\controllers\PedidoController.php - line: 76 - Message: Undefined property: stdClass::$usuario_id
 [29-08-2025 05:59:59] [jason] error: File: C:\xampp\htdocs\carstoolscr\controllers\PedidoController.php - line: 76 - Message: Undefined property: stdClass::$usuario_id
 [29-08-2025 06:00:23] [jason] error: File: C:\xampp\htdocs\carstoolscr\controllers\PedidoController.php - line: 76 - Message: Undefined property: stdClass::$usuario_id
 [29-08-2025 06:00:24] [jason] error: File: C:\xampp\htdocs\carstoolscr\controllers\PedidoController.php - line: 76 - Message: Undefined property: stdClass::$usuario_id
 [29-08-2025 06:00:28] [jason] error: File: C:\xampp\htdocs\carstoolscr\controllers\PedidoController.php - line: 76 - Message: Undefined property: stdClass::$usuario_id
 [29-08-2025 06:00:28] [jason] error: File: C:\xampp\htdocs\carstoolscr\controllers\PedidoController.php - line: 76 - Message: Undefined property: stdClass::$usuario_id
 [29-08-2025 06:05:20] [jason] error: File: C:\xampp\htdocs\carstoolscr\controllers\PedidoController.php - line: 76 - Message: Undefined property: stdClass::$usuario_id
 [29-08-2025 06:05:25] [jason] error: File: C:\xampp\htdocs\carstoolscr\controllers\PedidoController.php - line: 76 - Message: Undefined property: stdClass::$usuario_id
 [29-08-2025 06:05:25] [jason] error: File: C:\xampp\htdocs\carstoolscr\controllers\PedidoController.php - line: 76 - Message: Undefined property: stdClass::$usuario_id
 [29-08-2025 06:05:34] [jason] error: File: C:\xampp\htdocs\carstoolscr\controllers\PedidoController.php - line: 76 - Message: Undefined property: stdClass::$usuario_id
 [29-08-2025 06:05:34] [jason] error: File: C:\xampp\htdocs\carstoolscr\controllers\PedidoController.php - line: 76 - Message: Undefined property: stdClass::$usuario_id
 [29-08-2025 06:05:55] [jason] error: File: C:\xampp\htdocs\carstoolscr\controllers\PedidoController.php - line: 76 - Message: Undefined property: stdClass::$usuario_id
 [29-08-2025 06:05:56] [jason] error: File: C:\xampp\htdocs\carstoolscr\controllers\PedidoController.php - line: 76 - Message: Undefined property: stdClass::$usuario_id
=======
[29-08-2025 05:19:57] [Berny] error: File: C:\xampp\htdocs\CarsToolsCr\controllers\PedidoController.php - line: 76 - Message: Undefined property: stdClass::$usuario_id
 