[27-06-2025 02:37:26] [jason] error: File: C:\xampp\htdocs\carstoolscr\index.php - line: 25 - Message: require_once(models/ActorModel.php): Failed to open stream: No such file or directory
 [27-06-2025 02:38:22] [jason] error: File: C:\xampp\htdocs\carstoolscr\index.php - line: 25 - Message: require_once(models/ActorModel.php): Failed to open stream: No such file or directory
 [27-06-2025 02:39:01] [jason] error: File: C:\xampp\htdocs\carstoolscr\index.php - line: 27 - Message: require_once(models/MovieModel.php): Failed to open stream: No such file or directory
 [27-06-2025 02:39:20] [jason] error: File: C:\xampp\htdocs\carstoolscr\index.php - line: 27 - Message: require_once(models/MovieModel.php): Failed to open stream: No such file or directory
 [27-06-2025 02:39:25] [jason] error: File: C:\xampp\htdocs\carstoolscr\index.php - line: 27 - Message: require_once(models/MovieModel.php): Failed to open stream: No such file or directory
 [27-06-2025 02:39:50] [jason] error: File: C:\xampp\htdocs\carstoolscr\index.php - line: 27 - Message: require_once(models/MovieModel.php): Failed to open stream: No such file or directory
 [27-06-2025 02:40:55] [jason] error: File: C:\xampp\htdocs\carstoolscr\index.php - line: 27 - Message: require_once(models/MovieModel.php): Failed to open stream: No such file or directory
 [27-06-2025 02:40:56] [jason] error: File: C:\xampp\htdocs\carstoolscr\index.php - line: 27 - Message: require_once(models/MovieModel.php): Failed to open stream: No such file or directory
 [27-06-2025 02:42:11] [jason] error: File: C:\xampp\htdocs\carstoolscr\index.php - line: 27 - Message: require_once(models/ShopRentalModel.php): Failed to open stream: No such file or directory
 [27-06-2025 02:42:12] [jason] error: File: C:\xampp\htdocs\carstoolscr\index.php - line: 27 - Message: require_once(models/ShopRentalModel.php): Failed to open stream: No such file or directory
 [27-06-2025 02:46:03] [jason] error: File: C:\xampp\htdocs\carstoolscr\index.php - line: 27 - Message: require_once(models/ShopRentalModel.php): Failed to open stream: No such file or directory
 [27-06-2025 02:46:03] [jason] error: File: C:\xampp\htdocs\carstoolscr\index.php - line: 27 - Message: require_once(models/ShopRentalModel.php): Failed to open stream: No such file or directory
 [27-06-2025 02:46:06] [jason] error: File: C:\xampp\htdocs\carstoolscr\index.php - line: 27 - Message: require_once(models/ShopRentalModel.php): Failed to open stream: No such file or directory
 [27-06-2025 02:46:06] [jason] error: File: C:\xampp\htdocs\carstoolscr\index.php - line: 27 - Message: require_once(models/ShopRentalModel.php): Failed to open stream: No such file or directory
 [27-06-2025 02:46:15] [jason] error: File: C:\xampp\htdocs\carstoolscr\index.php - line: 27 - Message: require_once(models/ShopRentalModel.php): Failed to open stream: No such file or directory
 [27-06-2025 02:46:18] [jason] error: File: C:\xampp\htdocs\carstoolscr\index.php - line: 27 - Message: require_once(models/ShopRentalModel.php): Failed to open stream: No such file or directory
 [27-06-2025 02:46:20] [jason] error: File: C:\xampp\htdocs\carstoolscr\index.php - line: 27 - Message: require_once(models/ShopRentalModel.php): Failed to open stream: No such file or directory
 [27-06-2025 02:51:49] [jason] error: File: C:\xampp\htdocs\carstoolscr\controllers\core\MySqlConnect.php - line: 50 - Message: You have an error in your SQL syntax; check the manual that corresponds to your MySQL server version for the right syntax to use near ''' at line 1
 [27-06-2025 02:51:53] [jason] error: File: C:\xampp\htdocs\carstoolscr\controllers\core\MySqlConnect.php - line: 50 - Message: You have an error in your SQL syntax; check the manual that corresponds to your MySQL server version for the right syntax to use near ''' at line 1
 [27-06-2025 02:53:47] [jason] error: File: C:\xampp\htdocs\carstoolscr\controllers\core\MySqlConnect.php - line: 50 - Message: You have an error in your SQL syntax; check the manual that corresponds to your MySQL server version for the right syntax to use near ''' at line 1
 [27-06-2025 03:09:39] [jason] error: File: C:\xampp\htdocs\carstoolscr\controllers\PedidoController.php - line: 27 - Message: Attempt to read property "usuario_id" on null
 [27-06-2025 03:11:30] [jason] error: File: C:\xampp\htdocs\carstoolscr\controllers\PedidoController.php - line: 27 - Message: Undefined property: stdClass::$usuario_id
 [27-06-2025 03:47:43] [jason] error: File: C:\xampp\htdocs\carstoolscr\controllers\core\MySqlConnect.php - line: 50 - Message: You have an error in your SQL syntax; check the manual that corresponds to your MySQL server version for the right syntax to use near '[object%20Object]' at line 4
 [27-06-2025 03:47:44] [jason] error: File: C:\xampp\htdocs\carstoolscr\controllers\core\MySqlConnect.php - line: 50 - Message: You have an error in your SQL syntax; check the manual that corresponds to your MySQL server version for the right syntax to use near '[object%20Object]' at line 4
 [27-06-2025 03:47:50] [jason] error: File: C:\xampp\htdocs\carstoolscr\controllers\core\MySqlConnect.php - line: 50 - Message: You have an error in your SQL syntax; check the manual that corresponds to your MySQL server version for the right syntax to use near '[object%20Object]' at line 4
 [27-06-2025 03:47:51] [jason] error: File: C:\xampp\htdocs\carstoolscr\controllers\core\MySqlConnect.php - line: 50 - Message: You have an error in your SQL syntax; check the manual that corresponds to your MySQL server version for the right syntax to use near '[object%20Object]' at line 4
 [27-06-2025 03:48:22] [jason] error: File: C:\xampp\htdocs\carstoolscr\controllers\core\MySqlConnect.php - line: 50 - Message: You have an error in your SQL syntax; check the manual that corresponds to your MySQL server version for the right syntax to use near '[object%20Object]' at line 4
 [27-06-2025 03:48:23] [jason] error: File: C:\xampp\htdocs\carstoolscr\controllers\core\MySqlConnect.php - line: 50 - Message: You have an error in your SQL syntax; check the manual that corresponds to your MySQL server version for the right syntax to use near '[object%20Object]' at line 4
 [27-06-2025 03:48:29] [jason] error: File: C:\xampp\htdocs\carstoolscr\controllers\core\MySqlConnect.php - line: 50 - Message: You have an error in your SQL syntax; check the manual that corresponds to your MySQL server version for the right syntax to use near '[object%20Object]' at line 4
 [27-06-2025 03:48:30] [jason] error: File: C:\xampp\htdocs\carstoolscr\controllers\core\MySqlConnect.php - line: 50 - Message: You have an error in your SQL syntax; check the manual that corresponds to your MySQL server version for the right syntax to use near '[object%20Object]' at line 4
 [27-06-2025 04:17:19] [jason] error: File: C:\xampp\htdocs\carstoolscr\controllers\core\MySqlConnect.php - line: 50 - Message: Unknown column 'p.id' in 'field list'
 [27-06-2025 04:17:36] [jason] error: File: C:\xampp\htdocs\carstoolscr\controllers\core\MySqlConnect.php - line: 50 - Message: Unknown column 'p.id' in 'field list'
 [27-06-2025 04:17:49] [jason] error: File: C:\xampp\htdocs\carstoolscr\controllers\core\MySqlConnect.php - line: 50 - Message: Unknown column 'p.id' in 'field list'
 