[18-06-2025 01:20:43] [jason] error: File: C:\xampp\htdocs\carstoolscr\controllers\core\MySqlConnect.php - line: 50 - Message: You have an error in your SQL syntax; check the manual that corresponds to your MySQL server version for the right syntax to use near '?' at line 11
 [18-06-2025 01:21:59] [jason] error: File: C:\xampp\htdocs\carstoolscr\controllers\core\MySqlConnect.php - line: 50 - Message: You have an error in your SQL syntax; check the manual that corresponds to your MySQL server version for the right syntax to use near '?
        GROUP BY p.id' at line 14
 [18-06-2025 01:23:03] [jason] error: File: C:\xampp\htdocs\carstoolscr\controllers\core\MySqlConnect.php - line: 50 - Message: You have an error in your SQL syntax; check the manual that corresponds to your MySQL server version for the right syntax to use near '?
        GROUP BY p.id' at line 14
 [18-06-2025 01:28:45] [jason] error: File: C:\xampp\htdocs\carstoolscr\models\ProductosModel.php - line: 269 - Message: Unclosed '{' on line 220
 [18-06-2025 01:33:46] [jason] error: File: C:\xampp\htdocs\carstoolscr\controllers\EtiquetaController.php - line: 49 - Message: syntax error, unexpected token "<<", expecting "function" or "const"
 [18-06-2025 01:33:48] [jason] error: File: C:\xampp\htdocs\carstoolscr\controllers\EtiquetaController.php - line: 49 - Message: syntax error, unexpected token "<<", expecting "function" or "const"
 [18-06-2025 01:33:49] [jason] error: File: C:\xampp\htdocs\carstoolscr\controllers\EtiquetaController.php - line: 49 - Message: syntax error, unexpected token "<<", expecting "function" or "const"
 [18-06-2025 01:33:59] [jason] error: File: C:\xampp\htdocs\carstoolscr\controllers\EtiquetaController.php - line: 49 - Message: syntax error, unexpected token "<<", expecting "function" or "const"
 [18-06-2025 01:35:00] [jason] error: File: C:\xampp\htdocs\carstoolscr\controllers\EtiquetaController.php - line: 49 - Message: syntax error, unexpected token "<<", expecting "function" or "const"
 [18-06-2025 01:42:47] [jason] error: File: C:\xampp\htdocs\carstoolscr\controllers\core\MySqlConnect.php - line: 50 - Message: Table 'carstoolscr.shop_rental' doesn't exist
 [18-06-2025 01:42:47] [jason] error: File: C:\xampp\htdocs\carstoolscr\controllers\core\MySqlConnect.php - line: 50 - Message: Table 'carstoolscr.shop_rental' doesn't exist
 [18-06-2025 01:50:42] [jason] error: File: C:\xampp\htdocs\carstoolscr\controllers\core\MySqlConnect.php - line: 50 - Message: You have an error in your SQL syntax; check the manual that corresponds to your MySQL server version for the right syntax to use near '?' at line 9
 [18-06-2025 03:34:22] [jason] error: File: C:\xampp\htdocs\carstoolscr\controllers\core\MySqlConnect.php - line: 50 - Message: You have an error in your SQL syntax; check the manual that corresponds to your MySQL server version for the right syntax to use near '?
        ORDER BY r.fecha DESC' at line 8
 [18-06-2025 05:41:14] [jason] error: File: C:\xampp\htdocs\carstoolscr\controllers\core\MySqlConnect.php - line: 50 - Message: You have an error in your SQL syntax; check the manual that corresponds to your MySQL server version for the right syntax to use near ', c.nombre AS categoria 
                       FROM Producto p
              ' at line 1
 [18-06-2025 06:01:17] [jason] error: File: C:\xampp\htdocs\carstoolscr\controllers\core\MySqlConnect.php - line: 50 - Message: Table 'carstoolscr.movie' doesn't exist
 [18-06-2025 06:01:18] [jason] error: File: C:\xampp\htdocs\carstoolscr\controllers\core\MySqlConnect.php - line: 50 - Message: Table 'carstoolscr.movie' doesn't exist
 